2025-10-06 13:48:24,383-INFO-Misol ishlandi
2025-10-06 14:00:52,791-ERROR-C:\Users\xolmu\OneDrive\Desktop\3chi_project\Data\Raw_Data\energydata_complete.csv da data yoq yoki kodda xatolik bor
2025-10-06 14:02:10,767-INFO-Dataset yuklandi: (19735, 29)
2025-10-06 14:56:17,767-ERROR-xatolik bor kodni tekshiring
2025-10-06 14:56:35,891-ERROR-xatolik bor kodni tekshiring
2025-10-06 14:58:17,454-ERROR-xatolik bor kodni tekshiring
2025-10-06 14:58:59,197-INFO-Dataset Label Encoder yordamida encoding qilindi va hoziergi holati None
2025-10-06 15:00:06,355-INFO-Dataset Label Encoder yordamida encoding qilindi va hozirgi holati <bound method DataFrame.info of         date  Appliances  lights         T1       RH_1         T2       RH_2  \
0       5760          60      30  19.890000  47.596667  19.200000  44.790000   
1       5761          60      30  19.890000  46.693333  19.200000  44.722500   
2       5762          50      30  19.890000  46.300000  19.200000  44.626667   
3       5763          50      40  19.890000  46.066667  19.200000  44.590000   
4       5764          60      40  19.890000  46.333333  19.200000  44.530000   
...      ...         ...     ...        ...        ...        ...        ...   
19730  17858         100       0  25.566667  46.560000  25.890000  42.025714   
19731  17859          90       0  25.500000  46.500000  25.754000  42.080000   
19732  17860         270      10  25.500000  46.596667  25.628571  42.768571   
19733  17861         420      10  25.500000  46.990000  25.414000  43.036000   
19734  17862         430      10  25.500000  46.600000  25.264286  42.971429   

              T3       RH_3         T4  ...         T9     RH_9  T_out  \
0      19.790000  44.730000  19.000000  ...  17.033333  45.5300   6.60   
1      19.790000  44.790000  19.000000  ...  17.066667  45.5600   6.48   
2      19.790000  44.933333  18.926667  ...  17.000000  45.5000   6.37   
3      19.790000  45.000000  18.890000  ...  17.000000  45.4000   6.25   
4      19.790000  45.000000  18.890000  ...  17.000000  45.4000   6.13   
...          ...        ...        ...  ...        ...      ...    ...   
19730  27.200000  41.163333  24.700000  ...  23.200000  46.7900  22.70   
19731  27.133333  41.223333  24.700000  ...  23.200000  46.7900  22.60   
19732  27.050000  41.690000  24.700000  ...  23.200000  46.7900  22.50   
19733  26.890000  41.290000  24.700000  ...  23.200000  46.8175  22.30   
19734  26.823333  41.156667  24.700000  ...  23.200000  46.8450  22.20   

       Press_mm_hg     RH_out  Windspeed  Visibility  Tdewpoint        rv1  \
0            733.5  92.000000   7.000000   63.000000        5.3  13.275433   
1            733.6  92.000000   6.666667   59.166667        5.2  18.606195   
2            733.7  92.000000   6.333333   55.333333        5.1  28.642668   
3            733.8  92.000000   6.000000   51.500000        5.0  45.410390   
4            733.9  92.000000   5.666667   47.666667        4.9  10.084097   
...            ...        ...        ...         ...        ...        ...   
19730        755.2  55.666667   3.333333   23.666667       13.3  43.096812   
19731        755.2  56.000000   3.500000   24.500000       13.3  49.282940   
19732        755.2  56.333333   3.666667   25.333333       13.3  29.199117   
19733        755.2  56.666667   3.833333   26.166667       13.2   6.322784   
19734        755.2  57.000000   4.000000   27.000000       13.2  34.118851   

             rv2  
0      13.275433  
1      18.606195  
2      28.642668  
3      45.410390  
4      10.084097  
...          ...  
19730  43.096812  
19731  49.282940  
19732  29.199117  
19733   6.322784  
19734  34.118851  

[19735 rows x 29 columns]>
2025-10-06 15:00:46,350-INFO-Dataset Label Encoder yordamida encoding qilindi va hozirgi holati None
2025-10-06 15:02:04,220-INFO-Dataset Label Encoder yordamida encoding qilindi va hozirgi holati <bound method DataFrame.info of         date  Appliances  lights         T1       RH_1         T2       RH_2  \
0       5760          60      30  19.890000  47.596667  19.200000  44.790000   
1       5761          60      30  19.890000  46.693333  19.200000  44.722500   
2       5762          50      30  19.890000  46.300000  19.200000  44.626667   
3       5763          50      40  19.890000  46.066667  19.200000  44.590000   
4       5764          60      40  19.890000  46.333333  19.200000  44.530000   
...      ...         ...     ...        ...        ...        ...        ...   
19730  17858         100       0  25.566667  46.560000  25.890000  42.025714   
19731  17859          90       0  25.500000  46.500000  25.754000  42.080000   
19732  17860         270      10  25.500000  46.596667  25.628571  42.768571   
19733  17861         420      10  25.500000  46.990000  25.414000  43.036000   
19734  17862         430      10  25.500000  46.600000  25.264286  42.971429   

              T3       RH_3         T4  ...         T9     RH_9  T_out  \
0      19.790000  44.730000  19.000000  ...  17.033333  45.5300   6.60   
1      19.790000  44.790000  19.000000  ...  17.066667  45.5600   6.48   
2      19.790000  44.933333  18.926667  ...  17.000000  45.5000   6.37   
3      19.790000  45.000000  18.890000  ...  17.000000  45.4000   6.25   
4      19.790000  45.000000  18.890000  ...  17.000000  45.4000   6.13   
...          ...        ...        ...  ...        ...      ...    ...   
19730  27.200000  41.163333  24.700000  ...  23.200000  46.7900  22.70   
19731  27.133333  41.223333  24.700000  ...  23.200000  46.7900  22.60   
19732  27.050000  41.690000  24.700000  ...  23.200000  46.7900  22.50   
19733  26.890000  41.290000  24.700000  ...  23.200000  46.8175  22.30   
19734  26.823333  41.156667  24.700000  ...  23.200000  46.8450  22.20   

       Press_mm_hg     RH_out  Windspeed  Visibility  Tdewpoint        rv1  \
0            733.5  92.000000   7.000000   63.000000        5.3  13.275433   
1            733.6  92.000000   6.666667   59.166667        5.2  18.606195   
2            733.7  92.000000   6.333333   55.333333        5.1  28.642668   
3            733.8  92.000000   6.000000   51.500000        5.0  45.410390   
4            733.9  92.000000   5.666667   47.666667        4.9  10.084097   
...            ...        ...        ...         ...        ...        ...   
19730        755.2  55.666667   3.333333   23.666667       13.3  43.096812   
19731        755.2  56.000000   3.500000   24.500000       13.3  49.282940   
19732        755.2  56.333333   3.666667   25.333333       13.3  29.199117   
19733        755.2  56.666667   3.833333   26.166667       13.2   6.322784   
19734        755.2  57.000000   4.000000   27.000000       13.2  34.118851   

             rv2  
0      13.275433  
1      18.606195  
2      28.642668  
3      45.410390  
4      10.084097  
...          ...  
19730  43.096812  
19731  49.282940  
19732  29.199117  
19733   6.322784  
19734  34.118851  

[19735 rows x 29 columns]>
